2025/04/07 09:13:22 ALERT: tachycardia detected - Severity: mild, Heart rate: 112 BPM at 09:13:22 - Abnormally high heart rate detected
2025/04/07 09:13:23 ALERT: arrhythmia detected - Severity: severe, Heart rate: 75 BPM at 09:13:23 - Irregular heart rhythm detected
2025/04/07 09:13:24 NORMAL: Heart rate: 71 BPM, RR Interval: 0.83s at 09:13:24
2025/04/07 09:13:25 NORMAL: Heart rate: 68 BPM, RR Interval: 0.86s at 09:13:25
2025/04/07 09:13:26 NORMAL: Heart rate: 71 BPM, RR Interval: 0.84s at 09:13:26
2025/04/07 09:13:27 NORMAL: Heart rate: 72 BPM, RR Interval: 0.85s at 09:13:27
2025/04/07 09:13:28 NORMAL: Heart rate: 80 BPM, RR Interval: 0.76s at 09:13:28
2025/04/07 09:13:29 NORMAL: Heart rate: 75 BPM, RR Interval: 0.78s at 09:13:29
2025/04/07 09:13:30 NORMAL: Heart rate: 72 BPM, RR Interval: 0.83s at 09:13:30
2025/04/07 09:13:31 NORMAL: Heart rate: 79 BPM, RR Interval: 0.75s at 09:13:31
2025/04/07 09:13:32 NORMAL: Heart rate: 76 BPM, RR Interval: 0.81s at 09:13:32
2025/04/07 09:13:33 NORMAL: Heart rate: 74 BPM, RR Interval: 0.84s at 09:13:33
2025/04/07 09:13:34 NORMAL: Heart rate: 73 BPM, RR Interval: 0.84s at 09:13:34
2025/04/07 09:13:35 NORMAL: Heart rate: 71 BPM, RR Interval: 0.80s at 09:13:35
2025/04/07 09:13:36 NORMAL: Heart rate: 71 BPM, RR Interval: 0.86s at 09:13:36
2025/04/07 09:13:37 NORMAL: Heart rate: 75 BPM, RR Interval: 0.78s at 09:13:37
2025/04/07 09:13:38 NORMAL: Heart rate: 85 BPM, RR Interval: 0.74s at 09:13:38
2025/04/07 09:13:39 NORMAL: Heart rate: 80 BPM, RR Interval: 0.75s at 09:13:39
2025/04/07 09:13:40 NORMAL: Heart rate: 75 BPM, RR Interval: 0.81s at 09:13:40
2025/04/07 09:13:41 NORMAL: Heart rate: 75 BPM, RR Interval: 0.81s at 09:13:41
2025/04/07 09:13:42 NORMAL: Heart rate: 69 BPM, RR Interval: 0.83s at 09:13:42
2025/04/07 09:13:43 ALERT: arrhythmia detected - Severity: mild, Heart rate: 85 BPM at 09:13:43 - Irregular heart rhythm detected
2025/04/07 09:13:44 ALERT: arrhythmia detected - Severity: mild, Heart rate: 72 BPM at 09:13:44 - Irregular heart rhythm detected
2025/04/07 09:13:45 ALERT: arrhythmia detected - Severity: mild, Heart rate: 82 BPM at 09:13:45 - Irregular heart rhythm detected
2025/04/07 09:13:46 NORMAL: Heart rate: 86 BPM, RR Interval: 0.70s at 09:13:46
2025/04/07 09:13:47 ALERT: arrhythmia detected - Severity: mild, Heart rate: 73 BPM at 09:13:47 - Irregular heart rhythm detected
2025/04/07 09:13:48 NORMAL: Heart rate: 72 BPM, RR Interval: 0.82s at 09:13:48
2025/04/07 09:13:49 NORMAL: Heart rate: 76 BPM, RR Interval: 0.77s at 09:13:49
2025/04/07 09:13:50 NORMAL: Heart rate: 76 BPM, RR Interval: 0.76s at 09:13:50
2025/04/07 09:13:51 NORMAL: Heart rate: 71 BPM, RR Interval: 0.84s at 09:13:51
2025/04/07 09:13:52 ALERT: arrhythmia detected - Severity: severe, Heart rate: 129 BPM at 09:13:52 - Irregular heart rhythm detected
2025/04/07 09:13:53 ALERT: arrhythmia detected - Severity: severe, Heart rate: 79 BPM at 09:13:53 - Irregular heart rhythm detected
2025/04/07 09:13:54 NORMAL: Heart rate: 77 BPM, RR Interval: 0.78s at 09:13:54
2025/04/07 09:13:55 NORMAL: Heart rate: 72 BPM, RR Interval: 0.83s at 09:13:55
2025/04/07 09:13:56 NORMAL: Heart rate: 76 BPM, RR Interval: 0.83s at 09:13:56
2025/04/07 09:13:57 NORMAL: Heart rate: 82 BPM, RR Interval: 0.73s at 09:13:57
2025/04/07 09:13:58 NORMAL: Heart rate: 75 BPM, RR Interval: 0.81s at 09:13:58
2025/04/07 09:13:59 NORMAL: Heart rate: 80 BPM, RR Interval: 0.76s at 09:13:59
2025/04/07 09:14:00 NORMAL: Heart rate: 77 BPM, RR Interval: 0.79s at 09:14:00
2025/04/07 09:14:01 NORMAL: Heart rate: 85 BPM, RR Interval: 0.73s at 09:14:01
2025/04/07 09:14:02 ALERT: arrhythmia detected - Severity: mild, Heart rate: 71 BPM at 09:14:02 - Irregular heart rhythm detected
2025/04/07 09:14:03 NORMAL: Heart rate: 79 BPM, RR Interval: 0.78s at 09:14:03
2025/04/07 09:14:04 NORMAL: Heart rate: 82 BPM, RR Interval: 0.72s at 09:14:04
2025/04/07 09:14:05 ALERT: arrhythmia detected - Severity: mild, Heart rate: 72 BPM at 09:14:05 - Irregular heart rhythm detected
2025/04/07 09:14:06 NORMAL: Heart rate: 73 BPM, RR Interval: 0.84s at 09:14:06
2025/04/07 09:14:07 NORMAL: Heart rate: 71 BPM, RR Interval: 0.86s at 09:14:07
2025/04/07 09:14:08 NORMAL: Heart rate: 75 BPM, RR Interval: 0.83s at 09:14:08
2025/04/07 09:14:09 NORMAL: Heart rate: 71 BPM, RR Interval: 0.84s at 09:14:09
2025/04/07 09:14:10 NORMAL: Heart rate: 76 BPM, RR Interval: 0.79s at 09:14:10
2025/04/07 09:14:11 NORMAL: Heart rate: 79 BPM, RR Interval: 0.75s at 09:14:11
2025/04/07 09:14:12 NORMAL: Heart rate: 73 BPM, RR Interval: 0.83s at 09:14:12
2025/04/07 09:14:13 NORMAL: Heart rate: 82 BPM, RR Interval: 0.73s at 09:14:13
2025/04/07 09:14:14 NORMAL: Heart rate: 84 BPM, RR Interval: 0.71s at 09:14:14
2025/04/07 09:14:15 ALERT: arrhythmia detected - Severity: mild, Heart rate: 72 BPM at 09:14:15 - Irregular heart rhythm detected
2025/04/07 09:14:16 NORMAL: Heart rate: 77 BPM, RR Interval: 0.77s at 09:14:16
2025/04/07 09:14:17 NORMAL: Heart rate: 79 BPM, RR Interval: 0.74s at 09:14:17
2025/04/07 09:14:18 NORMAL: Heart rate: 83 BPM, RR Interval: 0.70s at 09:14:18
2025/04/07 09:14:19 NORMAL: Heart rate: 83 BPM, RR Interval: 0.72s at 09:14:19
2025/04/07 09:14:20 ALERT: arrhythmia detected - Severity: mild, Heart rate: 72 BPM at 09:14:20 - Irregular heart rhythm detected
2025/04/07 09:14:21 NORMAL: Heart rate: 79 BPM, RR Interval: 0.77s at 09:14:21
2025/04/07 09:14:22 ALERT: arrhythmia detected - Severity: severe, Heart rate: 56 BPM at 09:14:22 - Irregular heart rhythm detected
2025/04/07 09:14:23 ALERT: arrhythmia detected - Severity: moderate, Heart rate: 78 BPM at 09:14:23 - Irregular heart rhythm detected
2025/04/07 09:14:24 NORMAL: Heart rate: 81 BPM, RR Interval: 0.75s at 09:14:24
2025/04/07 09:14:25 NORMAL: Heart rate: 69 BPM, RR Interval: 0.84s at 09:14:25
2025/04/07 09:14:26 NORMAL: Heart rate: 76 BPM, RR Interval: 0.78s at 09:14:26
2025/04/07 09:14:27 NORMAL: Heart rate: 85 BPM, RR Interval: 0.72s at 09:14:27
2025/04/07 09:14:28 ALERT: arrhythmia detected - Severity: mild, Heart rate: 75 BPM at 09:14:28 - Irregular heart rhythm detected
2025/04/07 09:14:29 NORMAL: Heart rate: 78 BPM, RR Interval: 0.78s at 09:14:29
2025/04/07 09:14:30 NORMAL: Heart rate: 72 BPM, RR Interval: 0.84s at 09:14:30
2025/04/07 09:14:31 NORMAL: Heart rate: 83 BPM, RR Interval: 0.73s at 09:14:31
2025/04/07 09:14:32 NORMAL: Heart rate: 80 BPM, RR Interval: 0.76s at 09:14:32
2025/04/07 09:14:33 NORMAL: Heart rate: 79 BPM, RR Interval: 0.77s at 09:14:33
2025/04/07 09:14:34 NORMAL: Heart rate: 79 BPM, RR Interval: 0.76s at 09:14:34
2025/04/07 09:14:35 NORMAL: Heart rate: 84 BPM, RR Interval: 0.75s at 09:14:35
2025/04/07 09:14:36 NORMAL: Heart rate: 80 BPM, RR Interval: 0.75s at 09:14:36
2025/04/07 09:14:37 NORMAL: Heart rate: 73 BPM, RR Interval: 0.83s at 09:14:37
2025/04/07 09:14:38 NORMAL: Heart rate: 82 BPM, RR Interval: 0.75s at 09:14:38
2025/04/07 09:14:39 NORMAL: Heart rate: 77 BPM, RR Interval: 0.79s at 09:14:39
2025/04/07 09:14:40 NORMAL: Heart rate: 85 BPM, RR Interval: 0.72s at 09:14:40
2025/04/07 09:14:41 NORMAL: Heart rate: 82 BPM, RR Interval: 0.73s at 09:14:41
2025/04/07 09:14:42 ALERT: arrhythmia detected - Severity: mild, Heart rate: 73 BPM at 09:14:42 - Irregular heart rhythm detected
2025/04/07 09:14:43 NORMAL: Heart rate: 84 BPM, RR Interval: 0.73s at 09:14:43
2025/04/07 09:14:44 NORMAL: Heart rate: 77 BPM, RR Interval: 0.78s at 09:14:44
2025/04/07 09:14:45 NORMAL: Heart rate: 77 BPM, RR Interval: 0.76s at 09:14:45
2025/04/07 09:14:46 NORMAL: Heart rate: 83 BPM, RR Interval: 0.76s at 09:14:46
2025/04/07 09:14:47 NORMAL: Heart rate: 74 BPM, RR Interval: 0.82s at 09:14:47
2025/04/07 09:14:48 NORMAL: Heart rate: 81 BPM, RR Interval: 0.72s at 09:14:48
2025/04/07 09:14:49 NORMAL: Heart rate: 78 BPM, RR Interval: 0.79s at 09:14:49
2025/04/07 09:14:50 NORMAL: Heart rate: 81 BPM, RR Interval: 0.75s at 09:14:50
2025/04/07 09:14:51 NORMAL: Heart rate: 79 BPM, RR Interval: 0.73s at 09:14:51
2025/04/07 09:14:52 ALERT: arrhythmia detected - Severity: severe, Heart rate: 57 BPM at 09:14:52 - Irregular heart rhythm detected
